Unity Editor version:    2020.3.18f1 (a7d1c678663c)
Branch:                  2020.3/staging
Build type:              Release
Batch mode:              YES
macOS version:           Version 12.0.1 (Build 21A559)
Darwin version:          21.1.0
Architecture:            x86_64
Running under Rosetta:   NO
Available memory:        32768 MB
Using pre-set license
Pro License: NO

COMMAND LINE ARGUMENTS:
/Applications/Unity/Hub/Editor/2020.3.18f1/Unity.app/Contents/MacOS/Unity
-adb2
-batchMode
-noUpm
-name
AssetImportWorker0
-projectPath
/Users/pulkit-kakkar/Desktop/Assignment2
-logFile
Logs/AssetImportWorker0.log
-srvPort
53280
Successfully changed project path to: /Users/pulkit-kakkar/Desktop/Assignment2
/Users/pulkit-kakkar/Desktop/Assignment2
Using Asset Import Pipeline V2.
Refreshing native plugins compatible for Editor in 33.92 ms, found 2 plugins.
Preloading 0 native plugins for Editor in 0.00 ms.
Initialize engine version: 2020.3.18f1 (a7d1c678663c)
[Subsystems] Discovering subsystems at path /Applications/Unity/Hub/Editor/2020.3.18f1/Unity.app/Contents/Resources/UnitySubsystems
[Subsystems] Discovering subsystems at path /Users/pulkit-kakkar/Desktop/Assignment2/Assets
GfxDevice: creating device client; threaded=0
2021-11-07 02:27:22.970 Unity[50156:982999] Color LCD preferred device: AMD Radeon Pro Vega 20 (high power)
2021-11-07 02:27:22.970 Unity[50156:982999] Metal devices available: 2
2021-11-07 02:27:22.970 Unity[50156:982999] 0: AMD Radeon Pro Vega 20 (high power)
2021-11-07 02:27:22.970 Unity[50156:982999] 1: Intel(R) UHD Graphics 630 (low power)
2021-11-07 02:27:22.970 Unity[50156:982999] Using device AMD Radeon Pro Vega 20 (high power)
Initializing Metal device caps: AMD Radeon Pro Vega 20
Initialize mono
Mono path[0] = '/Applications/Unity/Hub/Editor/2020.3.18f1/Unity.app/Contents/Managed'
Mono path[1] = '/Applications/Unity/Hub/Editor/2020.3.18f1/Unity.app/Contents/MonoBleedingEdge/lib/mono/unityjit'
Mono config path = '/Applications/Unity/Hub/Editor/2020.3.18f1/Unity.app/Contents/MonoBleedingEdge/etc'
Using monoOptions --debugger-agent=transport=dt_socket,embedding=1,server=y,suspend=n,address=127.0.0.1:56156
Begin MonoManager ReloadAssembly
Registering precompiled unity dll's ...
Register platform support module: /Applications/Unity/Hub/Editor/2020.3.18f1/PlaybackEngines/WebGLSupport/UnityEditor.WebGL.Extensions.dll
Register platform support module: /Applications/Unity/Hub/Editor/2020.3.18f1/Unity.app/Contents/PlaybackEngines/MacStandaloneSupport/UnityEditor.OSXStandalone.Extensions.dll
Registered in 0.000631 seconds.
Native extension for OSXStandalone target not found
Native extension for WebGL target not found
Refreshing native plugins compatible for Editor in 28.24 ms, found 2 plugins.
Preloading 0 native plugins for Editor in 0.00 ms.
Mono: successfully reloaded assembly
- Completed reload, in  3.956 seconds
Domain Reload Profiling:
	ReloadAssembly (3956ms)
		BeginReloadAssembly (37ms)
			ExecutionOrderSort (0ms)
			DisableScriptedObjects (0ms)
			BackupInstance (0ms)
			ReleaseScriptingObjects (0ms)
			CreateAndSetChildDomain (1ms)
		EndReloadAssembly (414ms)
			LoadAssemblies (36ms)
			RebuildTransferFunctionScriptingTraits (0ms)
			SetupTypeCache (171ms)
			ReleaseScriptCaches (0ms)
			RebuildScriptCaches (33ms)
			SetupLoadedEditorAssemblies (158ms)
				LogAssemblyErrors (0ms)
				InitializePlatformSupportModulesInManaged (4ms)
				SetLoadedEditorAssemblies (0ms)
				RefreshPlugins (28ms)
				BeforeProcessingInitializeOnLoad (7ms)
				ProcessInitializeOnLoadAttributes (90ms)
				ProcessInitializeOnLoadMethodAttributes (29ms)
				AfterProcessingInitializeOnLoad (0ms)
				EditorAssembliesLoaded (0ms)
			ExecutionOrderSort2 (0ms)
			AwakeInstancesAfterBackupRestoration (0ms)
Platform modules already initialized, skipping
Registering precompiled user dll's ...
Registered in 0.001148 seconds.
Begin MonoManager ReloadAssembly
Native extension for OSXStandalone target not found
Native extension for WebGL target not found
Refreshing native plugins compatible for Editor in 28.84 ms, found 2 plugins.
Preloading 0 native plugins for Editor in 0.00 ms.
Mono: successfully reloaded assembly
- Completed reload, in  1.030 seconds
Domain Reload Profiling:
	ReloadAssembly (1030ms)
		BeginReloadAssembly (132ms)
			ExecutionOrderSort (0ms)
			DisableScriptedObjects (5ms)
			BackupInstance (0ms)
			ReleaseScriptingObjects (0ms)
			CreateAndSetChildDomain (20ms)
		EndReloadAssembly (842ms)
			LoadAssemblies (65ms)
			RebuildTransferFunctionScriptingTraits (0ms)
			SetupTypeCache (286ms)
			ReleaseScriptCaches (0ms)
			RebuildScriptCaches (46ms)
			SetupLoadedEditorAssemblies (324ms)
				LogAssemblyErrors (0ms)
				InitializePlatformSupportModulesInManaged (4ms)
				SetLoadedEditorAssemblies (0ms)
				RefreshPlugins (29ms)
				BeforeProcessingInitializeOnLoad (61ms)
				ProcessInitializeOnLoadAttributes (225ms)
				ProcessInitializeOnLoadMethodAttributes (3ms)
				AfterProcessingInitializeOnLoad (1ms)
				EditorAssembliesLoaded (0ms)
			ExecutionOrderSort2 (0ms)
			AwakeInstancesAfterBackupRestoration (7ms)
Platform modules already initialized, skipping
Validating Project structure ... 0.001407 seconds.
Shader import version has changed; will reimport all shaders...
Upgrading shader files ...0.000471 seconds.
Application.AssetDatabase Initial Script Refresh Start
RefreshInfo: InitialScriptRefreshV2(NoUpdateAssetOptions) scanfilter:  ... 1 filters
RefreshProfiler: Total: 0.000ms
Application.AssetDatabase Initial Script Refresh End
Application.AssetDatabase.Refresh Start
Application.AssetDatabase.Refresh End
RefreshInfo: StopAssetImportingV2(ForceSynchronousImport) scanfilter: 
RefreshProfiler: Total: 0.000ms
Launching external process: /Applications/Unity/Hub/Editor/2020.3.18f1/Unity.app/Contents/Tools/UnityShaderCompiler
Launched and connected shader compiler UnityShaderCompiler after 0.01 seconds
Initializing Unity extensions:
2021-11-07 02:27:29.343 Unity[50156:982999] NSEventModifierFlagFunction specified to -setKeyEquivalentModifierMask: for item <NSMenuItem: 0x6000017eef40 Font Asset, ke='Command-F12'>, but is only supported for system-provided menu items; will not be used
2021-11-07 02:27:29.346 Unity[50156:982999] NSEventModifierFlagFunction specified to -setKeyEquivalentModifierMask: for item <NSMenuItem: 0x6000017ff1e0 Font Asset, ke='Command-F12'>, but is only supported for system-provided menu items; will not be used
========================================================================
Worker process is ready to serve import requests
Refreshing native plugins compatible for Editor in 0.41 ms, found 2 plugins.
Preloading 0 native plugins for Editor in 0.00 ms.
Unloading 1823 Unused Serialized files (Serialized files now loaded: 0)
System memory in use before: 211.6 MB.
System memory in use after: 210.8 MB.

Unloading 117 unused Assets to reduce memory usage. Loaded Objects now: 2299.
Total: 3.315876 ms (FindLiveObjects: 0.159865 ms CreateObjectMapping: 0.055671 ms MarkObjects: 2.620651 ms  DeleteObjects: 0.478862 ms)

AssetImportParameters requested are different than current active one (requested -> active):
  custom:video-decoder-ogg-theora: a1e56fd34408186e4bbccfd4996cb3dc -> 
  custom:container-muxer-webm: aa71ff27fc2769a1b78a27578f13a17b -> 
  custom:container-demuxer-webm: 4f35f7cbe854078d1ac9338744f61a02 -> 
  custom:container-demuxer-ogg: 62fdf1f143b41e24485cea50d1cbac27 -> 
  custom:video-encoder-webm-vp8: eb34c28f22e8b96e1ab97ce403110664 -> 
  custom:framework-osx-AVFoundation: e770b220cccbd017edd2c1fefb359320 -> 
  custom:video-decoder-webm-vp8: 9c59270c3fd7afecdb556c50c9e8de78 -> 
  custom:audio-decoder-ogg-vorbis: bf7c407c2cedff20999df2af8eb42d56 -> 
  custom:audio-encoder-webm-vorbis: bf7c407c2cedff20999df2af8eb42d56 -> 
========================================================================
Received Import Request.
  path: Assets/Prefabs/Low-Poly Plant_.fbx
  artifactKey: Guid(b46fe96fb68d441f3b3749004e494841) Importer(815301076,1909f56bfc062723c751e8b465ee728b)
Start importing Assets/Prefabs/Low-Poly Plant_.fbx using Guid(b46fe96fb68d441f3b3749004e494841) Importer(815301076,1909f56bfc062723c751e8b465ee728b)  -> (artifact id: '4a88e19d9fc55e298d6c49879f9f7773') in 1.214705 seconds 
  Import took 1.218116 seconds .

========================================================================
Received Import Request.
  Time since last request: 26.878600 seconds.
  path: Assets/Prefabs/Low-Poly Plant_.fbx
  artifactKey: Guid(b46fe96fb68d441f3b3749004e494841) Importer(815301076,1909f56bfc062723c751e8b465ee728b)
Start importing Assets/Prefabs/Low-Poly Plant_.fbx using Guid(b46fe96fb68d441f3b3749004e494841) Importer(815301076,1909f56bfc062723c751e8b465ee728b)  -> (artifact id: '9ab9093f5b457ece8facc3e2e825576f') in 0.183097 seconds 
  Import took 0.186190 seconds .

========================================================================
Received Import Request.
  Time since last request: 11.092437 seconds.
  path: Assets/Prefabs/textures
  artifactKey: Guid(cffb327d4164d47fea566c94a1181fb8) Importer(815301076,1909f56bfc062723c751e8b465ee728b)
Start importing Assets/Prefabs/textures using Guid(cffb327d4164d47fea566c94a1181fb8) Importer(815301076,1909f56bfc062723c751e8b465ee728b)  -> (artifact id: 'f11416138051d66af558c4d551393a3e') in 0.002133 seconds 
  Import took 0.005948 seconds .

========================================================================
Received Prepare
Refreshing native plugins compatible for Editor in 1.57 ms, found 2 plugins.
Preloading 0 native plugins for Editor in 0.00 ms.
Unloading 10 Unused Serialized files (Serialized files now loaded: 0)
System memory in use before: 180.2 MB.
System memory in use after: 180.3 MB.

Unloading 10 unused Assets to reduce memory usage. Loaded Objects now: 2341.
Total: 3.328960 ms (FindLiveObjects: 0.195064 ms CreateObjectMapping: 0.061295 ms MarkObjects: 3.042303 ms  DeleteObjects: 0.029608 ms)

AssetImportParameters requested are different than current active one (requested -> active):
  custom:video-decoder-ogg-theora: a1e56fd34408186e4bbccfd4996cb3dc -> 
  custom:container-muxer-webm: aa71ff27fc2769a1b78a27578f13a17b -> 
  custom:container-demuxer-webm: 4f35f7cbe854078d1ac9338744f61a02 -> 
  custom:container-demuxer-ogg: 62fdf1f143b41e24485cea50d1cbac27 -> 
  custom:video-encoder-webm-vp8: eb34c28f22e8b96e1ab97ce403110664 -> 
  custom:framework-osx-AVFoundation: e770b220cccbd017edd2c1fefb359320 -> 
  custom:video-decoder-webm-vp8: 9c59270c3fd7afecdb556c50c9e8de78 -> 
  custom:audio-decoder-ogg-vorbis: bf7c407c2cedff20999df2af8eb42d56 -> 
  custom:audio-encoder-webm-vorbis: bf7c407c2cedff20999df2af8eb42d56 -> 
========================================================================
Received Import Request.
  Time since last request: 288.921001 seconds.
  path: Assets/Prefabs/Low-Poly Plant_.fbx
  artifactKey: Guid(b46fe96fb68d441f3b3749004e494841) Importer(815301076,1909f56bfc062723c751e8b465ee728b)
Start importing Assets/Prefabs/Low-Poly Plant_.fbx using Guid(b46fe96fb68d441f3b3749004e494841) Importer(815301076,1909f56bfc062723c751e8b465ee728b)  -> (artifact id: 'b6549400564fa8494692c65b172f27d0') in 0.166608 seconds 
  Import took 0.170677 seconds .

========================================================================
Received Prepare
Refreshing native plugins compatible for Editor in 5.20 ms, found 2 plugins.
Preloading 0 native plugins for Editor in 0.00 ms.
Unloading 10 Unused Serialized files (Serialized files now loaded: 0)
System memory in use before: 180.2 MB.
System memory in use after: 180.3 MB.

Unloading 10 unused Assets to reduce memory usage. Loaded Objects now: 2341.
Total: 4.117903 ms (FindLiveObjects: 0.186731 ms CreateObjectMapping: 0.060718 ms MarkObjects: 3.839835 ms  DeleteObjects: 0.030042 ms)

AssetImportParameters requested are different than current active one (requested -> active):
  custom:video-decoder-ogg-theora: a1e56fd34408186e4bbccfd4996cb3dc -> 
  custom:container-muxer-webm: aa71ff27fc2769a1b78a27578f13a17b -> 
  custom:container-demuxer-webm: 4f35f7cbe854078d1ac9338744f61a02 -> 
  custom:container-demuxer-ogg: 62fdf1f143b41e24485cea50d1cbac27 -> 
  custom:video-encoder-webm-vp8: eb34c28f22e8b96e1ab97ce403110664 -> 
  custom:framework-osx-AVFoundation: e770b220cccbd017edd2c1fefb359320 -> 
  custom:video-decoder-webm-vp8: 9c59270c3fd7afecdb556c50c9e8de78 -> 
  custom:audio-decoder-ogg-vorbis: bf7c407c2cedff20999df2af8eb42d56 -> 
  custom:audio-encoder-webm-vorbis: bf7c407c2cedff20999df2af8eb42d56 -> 
========================================================================
Received Import Request.
  Time since last request: 1834.176731 seconds.
  path: Assets/TapToPlaceObject.cs
  artifactKey: Guid(90bb4b4db910f4f8bb7ceafd10381e50) Importer(815301076,1909f56bfc062723c751e8b465ee728b)
Start importing Assets/TapToPlaceObject.cs using Guid(90bb4b4db910f4f8bb7ceafd10381e50) Importer(815301076,1909f56bfc062723c751e8b465ee728b)  -> (artifact id: '463897cf14b4dcb6dd9c75557f9567a8') in 0.202447 seconds 
  Import took 0.205598 seconds .

========================================================================
Received Import Request.
  Time since last request: 37.454201 seconds.
  path: Assets/Scenes
  artifactKey: Guid(28225cada41ee493db8011bef67195fb) Importer(815301076,1909f56bfc062723c751e8b465ee728b)
Start importing Assets/Scenes using Guid(28225cada41ee493db8011bef67195fb) Importer(815301076,1909f56bfc062723c751e8b465ee728b)  -> (artifact id: '6e0746324b9fa1dc6e4950ab05330a1c') in 0.001983 seconds 
  Import took 0.005903 seconds .

========================================================================
Received Import Request.
  Time since last request: 217.141111 seconds.
  path: Assets/TapToPlaceObject.cs
  artifactKey: Guid(90bb4b4db910f4f8bb7ceafd10381e50) Importer(815301076,1909f56bfc062723c751e8b465ee728b)
Start importing Assets/TapToPlaceObject.cs using Guid(90bb4b4db910f4f8bb7ceafd10381e50) Importer(815301076,1909f56bfc062723c751e8b465ee728b)  -> (artifact id: '203dfce580076c11bf8fe8981611e588') in 0.003500 seconds 
  Import took 0.006766 seconds .

========================================================================
Received Import Request.
  Time since last request: 153.189257 seconds.
  path: Assets/ObjectInteraction.cs
  artifactKey: Guid(6716ad2b89300474795faa59cfce8406) Importer(815301076,1909f56bfc062723c751e8b465ee728b)
Start importing Assets/ObjectInteraction.cs using Guid(6716ad2b89300474795faa59cfce8406) Importer(815301076,1909f56bfc062723c751e8b465ee728b)  -> (artifact id: '223e08fa0a07ed4b4da7afcd581d80ba') in 0.005100 seconds 
  Import took 0.009043 seconds .

========================================================================
Received Import Request.
  Time since last request: 123.358148 seconds.
  path: Assets/ObjectInteraction.cs
  artifactKey: Guid(6716ad2b89300474795faa59cfce8406) Importer(815301076,1909f56bfc062723c751e8b465ee728b)
Start importing Assets/ObjectInteraction.cs using Guid(6716ad2b89300474795faa59cfce8406) Importer(815301076,1909f56bfc062723c751e8b465ee728b)  -> (artifact id: 'c147de89330d2fb752d731e0862d0920') in 0.003471 seconds 
  Import took 0.006908 seconds .

========================================================================
Received Import Request.
  Time since last request: 101.459233 seconds.
  path: Assets/ObjectInteraction.cs
  artifactKey: Guid(6716ad2b89300474795faa59cfce8406) Importer(815301076,1909f56bfc062723c751e8b465ee728b)
Start importing Assets/ObjectInteraction.cs using Guid(6716ad2b89300474795faa59cfce8406) Importer(815301076,1909f56bfc062723c751e8b465ee728b)  -> (artifact id: 'c96c260459ef3f6ecac78d3e9b1a8140') in 0.004437 seconds 
  Import took 0.007803 seconds .

========================================================================
Received Import Request.
  Time since last request: 17.303969 seconds.
  path: Assets/ObjectInteraction.cs
  artifactKey: Guid(6716ad2b89300474795faa59cfce8406) Importer(815301076,1909f56bfc062723c751e8b465ee728b)
Start importing Assets/ObjectInteraction.cs using Guid(6716ad2b89300474795faa59cfce8406) Importer(815301076,1909f56bfc062723c751e8b465ee728b)  -> (artifact id: 'a9413f43719375d722b31c0aadcd0d5c') in 0.003201 seconds 
  Import took 0.006585 seconds .

========================================================================
Received Import Request.
  Time since last request: 59.157499 seconds.
  path: Assets/ObjectInteraction.cs
  artifactKey: Guid(6716ad2b89300474795faa59cfce8406) Importer(815301076,1909f56bfc062723c751e8b465ee728b)
Start importing Assets/ObjectInteraction.cs using Guid(6716ad2b89300474795faa59cfce8406) Importer(815301076,1909f56bfc062723c751e8b465ee728b)  -> (artifact id: 'a4242f2622189981810c65d3312a86ce') in 0.003997 seconds 
  Import took 0.007613 seconds .

========================================================================
Received Import Request.
  Time since last request: 67.056934 seconds.
  path: Assets/ObjectInteraction.cs
  artifactKey: Guid(6716ad2b89300474795faa59cfce8406) Importer(815301076,1909f56bfc062723c751e8b465ee728b)
Start importing Assets/ObjectInteraction.cs using Guid(6716ad2b89300474795faa59cfce8406) Importer(815301076,1909f56bfc062723c751e8b465ee728b)  -> (artifact id: '931de235fed1149a2bd1da1b3cd038d6') in 0.003612 seconds 
  Import took 0.007266 seconds .

========================================================================
Received Import Request.
  Time since last request: 21.714759 seconds.
  path: Assets/ObjectInteraction.cs
  artifactKey: Guid(6716ad2b89300474795faa59cfce8406) Importer(815301076,1909f56bfc062723c751e8b465ee728b)
Start importing Assets/ObjectInteraction.cs using Guid(6716ad2b89300474795faa59cfce8406) Importer(815301076,1909f56bfc062723c751e8b465ee728b)  -> (artifact id: '2fbc5c099b634b1b72262f45522e1ffb') in 0.003106 seconds 
  Import took 0.006298 seconds .

========================================================================
Received Prepare
Registering precompiled user dll's ...
Registered in 0.001153 seconds.
Begin MonoManager ReloadAssembly
Native extension for OSXStandalone target not found
Native extension for WebGL target not found
Refreshing native plugins compatible for Editor in 0.35 ms, found 2 plugins.
Preloading 0 native plugins for Editor in 0.00 ms.
2021-11-07 03:18:02.125 Unity[50156:982999] NSEventModifierFlagFunction specified to -setKeyEquivalentModifierMask: for item <NSMenuItem: 0x60000171bb10 Font Asset, ke='Command-F12'>, but is only supported for system-provided menu items; will not be used
Mono: successfully reloaded assembly
- Completed reload, in  0.979 seconds
Domain Reload Profiling:
	ReloadAssembly (979ms)
		BeginReloadAssembly (101ms)
			ExecutionOrderSort (0ms)
			DisableScriptedObjects (4ms)
			BackupInstance (0ms)
			ReleaseScriptingObjects (0ms)
			CreateAndSetChildDomain (45ms)
		EndReloadAssembly (821ms)
			LoadAssemblies (64ms)
			RebuildTransferFunctionScriptingTraits (0ms)
			SetupTypeCache (278ms)
			ReleaseScriptCaches (1ms)
			RebuildScriptCaches (38ms)
			SetupLoadedEditorAssemblies (305ms)
				LogAssemblyErrors (0ms)
				InitializePlatformSupportModulesInManaged (4ms)
				SetLoadedEditorAssemblies (0ms)
				RefreshPlugins (0ms)
				BeforeProcessingInitializeOnLoad (90ms)
				ProcessInitializeOnLoadAttributes (205ms)
				ProcessInitializeOnLoadMethodAttributes (4ms)
				AfterProcessingInitializeOnLoad (1ms)
				EditorAssembliesLoaded (0ms)
			ExecutionOrderSort2 (0ms)
			AwakeInstancesAfterBackupRestoration (9ms)
Platform modules already initialized, skipping
Switching build target platform(2) subTarget(0) extendedPlatform(0) -> platform(9) subTarget(16777218) extendedPlatform(0)
Refreshing native plugins compatible for Editor in 0.33 ms, found 2 plugins.
Preloading 0 native plugins for Editor in 0.00 ms.
Unloading 1810 Unused Serialized files (Serialized files now loaded: 0)
System memory in use before: 218.3 MB.
System memory in use after: 218.4 MB.

Unloading 14 unused Assets to reduce memory usage. Loaded Objects now: 2346.
Total: 2.808914 ms (FindLiveObjects: 0.170650 ms CreateObjectMapping: 0.047746 ms MarkObjects: 2.562936 ms  DeleteObjects: 0.026947 ms)

AssetImportParameters requested are different than current active one (requested -> active):
  custom:video-decoder-ogg-theora: a1e56fd34408186e4bbccfd4996cb3dc -> 
  custom:container-muxer-webm: aa71ff27fc2769a1b78a27578f13a17b -> 
  custom:container-demuxer-webm: 4f35f7cbe854078d1ac9338744f61a02 -> 
  custom:container-demuxer-ogg: 62fdf1f143b41e24485cea50d1cbac27 -> 
  custom:video-encoder-webm-vp8: eb34c28f22e8b96e1ab97ce403110664 -> 
  custom:framework-osx-AVFoundation: e770b220cccbd017edd2c1fefb359320 -> 
  custom:video-decoder-webm-vp8: 9c59270c3fd7afecdb556c50c9e8de78 -> 
  custom:graphics/normal-map-encoding: 01000000000000000000000000000000 -> 02000000000000000000000000000000
  custom:audio-decoder-ogg-vorbis: bf7c407c2cedff20999df2af8eb42d56 -> 
  custom:audio-encoder-webm-vorbis: bf7c407c2cedff20999df2af8eb42d56 -> 
========================================================================
Received Prepare
Refreshing native plugins compatible for Editor in 2.27 ms, found 2 plugins.
Preloading 0 native plugins for Editor in 0.00 ms.
Unloading 10 Unused Serialized files (Serialized files now loaded: 0)
System memory in use before: 182.8 MB.
System memory in use after: 183.0 MB.

Unloading 10 unused Assets to reduce memory usage. Loaded Objects now: 2346.
Total: 3.151437 ms (FindLiveObjects: 0.169228 ms CreateObjectMapping: 0.058274 ms MarkObjects: 2.895611 ms  DeleteObjects: 0.027690 ms)

AssetImportParameters requested are different than current active one (requested -> active):
  custom:video-decoder-ogg-theora: a1e56fd34408186e4bbccfd4996cb3dc -> 
  custom:container-muxer-webm: aa71ff27fc2769a1b78a27578f13a17b -> 
  custom:container-demuxer-webm: 4f35f7cbe854078d1ac9338744f61a02 -> 
  custom:container-demuxer-ogg: 62fdf1f143b41e24485cea50d1cbac27 -> 
  custom:video-encoder-webm-vp8: eb34c28f22e8b96e1ab97ce403110664 -> 
  custom:framework-osx-AVFoundation: e770b220cccbd017edd2c1fefb359320 -> 
  custom:video-decoder-webm-vp8: 9c59270c3fd7afecdb556c50c9e8de78 -> 
  custom:audio-decoder-ogg-vorbis: bf7c407c2cedff20999df2af8eb42d56 -> 
  custom:audio-encoder-webm-vorbis: bf7c407c2cedff20999df2af8eb42d56 -> 
========================================================================
Received Import Request.
  Time since last request: 511.384277 seconds.
  path: Assets/Prefabs/PlantModel.prefab
  artifactKey: Guid(86249d90617b649fba50c86634c20f50) Importer(815301076,1909f56bfc062723c751e8b465ee728b)
Start importing Assets/Prefabs/PlantModel.prefab using Guid(86249d90617b649fba50c86634c20f50) Importer(815301076,1909f56bfc062723c751e8b465ee728b)  -> (artifact id: '07da28d764fae0326866b4dec74aaf5c') in 0.249301 seconds 
  Import took 0.252281 seconds .

========================================================================
Received Prepare
Registering precompiled user dll's ...
Registered in 0.001139 seconds.
Begin MonoManager ReloadAssembly
Native extension for OSXStandalone target not found
Native extension for WebGL target not found
Refreshing native plugins compatible for Editor in 0.35 ms, found 2 plugins.
Preloading 0 native plugins for Editor in 0.00 ms.
2021-11-07 03:26:56.405 Unity[50156:982999] NSEventModifierFlagFunction specified to -setKeyEquivalentModifierMask: for item <NSMenuItem: 0x60000171b410 Font Asset, ke='Command-F12'>, but is only supported for system-provided menu items; will not be used
Mono: successfully reloaded assembly
- Completed reload, in  0.995 seconds
Domain Reload Profiling:
	ReloadAssembly (1014ms)
		BeginReloadAssembly (127ms)
			ExecutionOrderSort (0ms)
			DisableScriptedObjects (5ms)
			BackupInstance (0ms)
			ReleaseScriptingObjects (0ms)
			CreateAndSetChildDomain (51ms)
		EndReloadAssembly (819ms)
			LoadAssemblies (70ms)
			RebuildTransferFunctionScriptingTraits (0ms)
			SetupTypeCache (276ms)
			ReleaseScriptCaches (1ms)
			RebuildScriptCaches (47ms)
			SetupLoadedEditorAssemblies (291ms)
				LogAssemblyErrors (0ms)
				InitializePlatformSupportModulesInManaged (4ms)
				SetLoadedEditorAssemblies (0ms)
				RefreshPlugins (0ms)
				BeforeProcessingInitializeOnLoad (87ms)
				ProcessInitializeOnLoadAttributes (195ms)
				ProcessInitializeOnLoadMethodAttributes (3ms)
				AfterProcessingInitializeOnLoad (1ms)
				EditorAssembliesLoaded (0ms)
			ExecutionOrderSort2 (0ms)
			AwakeInstancesAfterBackupRestoration (8ms)
Platform modules already initialized, skipping
Switching build target platform(2) subTarget(0) extendedPlatform(0) -> platform(9) subTarget(16777218) extendedPlatform(0)
Refreshing native plugins compatible for Editor in 0.37 ms, found 2 plugins.
Preloading 0 native plugins for Editor in 0.00 ms.
Unloading 1810 Unused Serialized files (Serialized files now loaded: 0)
System memory in use before: 222.6 MB.
System memory in use after: 222.7 MB.

Unloading 13 unused Assets to reduce memory usage. Loaded Objects now: 2350.
Total: 2.594797 ms (FindLiveObjects: 0.152782 ms CreateObjectMapping: 0.052185 ms MarkObjects: 2.362694 ms  DeleteObjects: 0.026419 ms)

AssetImportParameters requested are different than current active one (requested -> active):
  custom:video-decoder-ogg-theora: a1e56fd34408186e4bbccfd4996cb3dc -> 
  custom:container-muxer-webm: aa71ff27fc2769a1b78a27578f13a17b -> 
  custom:container-demuxer-webm: 4f35f7cbe854078d1ac9338744f61a02 -> 
  custom:container-demuxer-ogg: 62fdf1f143b41e24485cea50d1cbac27 -> 
  custom:video-encoder-webm-vp8: eb34c28f22e8b96e1ab97ce403110664 -> 
  custom:framework-osx-AVFoundation: e770b220cccbd017edd2c1fefb359320 -> 
  custom:video-decoder-webm-vp8: 9c59270c3fd7afecdb556c50c9e8de78 -> 
  custom:graphics/normal-map-encoding: 01000000000000000000000000000000 -> 02000000000000000000000000000000
  custom:audio-decoder-ogg-vorbis: bf7c407c2cedff20999df2af8eb42d56 -> 
  custom:audio-encoder-webm-vorbis: bf7c407c2cedff20999df2af8eb42d56 -> 
========================================================================
Received Prepare
Registering precompiled user dll's ...
Registered in 0.001201 seconds.
Begin MonoManager ReloadAssembly
Native extension for OSXStandalone target not found
Native extension for WebGL target not found
Refreshing native plugins compatible for Editor in 0.49 ms, found 2 plugins.
Preloading 0 native plugins for Editor in 0.00 ms.
2021-11-07 03:36:24.570 Unity[50156:982999] NSEventModifierFlagFunction specified to -setKeyEquivalentModifierMask: for item <NSMenuItem: 0x600001716df0 Font Asset, ke='Command-F12'>, but is only supported for system-provided menu items; will not be used
Mono: successfully reloaded assembly
- Completed reload, in  1.078 seconds
Domain Reload Profiling:
	ReloadAssembly (1078ms)
		BeginReloadAssembly (94ms)
			ExecutionOrderSort (0ms)
			DisableScriptedObjects (4ms)
			BackupInstance (0ms)
			ReleaseScriptingObjects (0ms)
			CreateAndSetChildDomain (38ms)
		EndReloadAssembly (926ms)
			LoadAssemblies (69ms)
			RebuildTransferFunctionScriptingTraits (0ms)
			SetupTypeCache (307ms)
			ReleaseScriptCaches (1ms)
			RebuildScriptCaches (42ms)
			SetupLoadedEditorAssemblies (378ms)
				LogAssemblyErrors (0ms)
				InitializePlatformSupportModulesInManaged (35ms)
				SetLoadedEditorAssemblies (1ms)
				RefreshPlugins (19ms)
				BeforeProcessingInitializeOnLoad (107ms)
				ProcessInitializeOnLoadAttributes (210ms)
				ProcessInitializeOnLoadMethodAttributes (3ms)
				AfterProcessingInitializeOnLoad (1ms)
				EditorAssembliesLoaded (0ms)
			ExecutionOrderSort2 (0ms)
			AwakeInstancesAfterBackupRestoration (9ms)
Platform modules already initialized, skipping
Switching build target platform(2) subTarget(0) extendedPlatform(0) -> platform(9) subTarget(16777218) extendedPlatform(0)
Refreshing native plugins compatible for Editor in 0.30 ms, found 2 plugins.
Preloading 0 native plugins for Editor in 0.00 ms.
Unloading 1810 Unused Serialized files (Serialized files now loaded: 0)
System memory in use before: 222.9 MB.
System memory in use after: 223.0 MB.

Unloading 13 unused Assets to reduce memory usage. Loaded Objects now: 2353.
Total: 2.793577 ms (FindLiveObjects: 0.162136 ms CreateObjectMapping: 0.056447 ms MarkObjects: 2.548072 ms  DeleteObjects: 0.026247 ms)

AssetImportParameters requested are different than current active one (requested -> active):
  custom:video-decoder-ogg-theora: a1e56fd34408186e4bbccfd4996cb3dc -> 
  custom:container-muxer-webm: aa71ff27fc2769a1b78a27578f13a17b -> 
  custom:container-demuxer-webm: 4f35f7cbe854078d1ac9338744f61a02 -> 
  custom:container-demuxer-ogg: 62fdf1f143b41e24485cea50d1cbac27 -> 
  custom:video-encoder-webm-vp8: eb34c28f22e8b96e1ab97ce403110664 -> 
  custom:framework-osx-AVFoundation: e770b220cccbd017edd2c1fefb359320 -> 
  custom:video-decoder-webm-vp8: 9c59270c3fd7afecdb556c50c9e8de78 -> 
  custom:graphics/normal-map-encoding: 01000000000000000000000000000000 -> 02000000000000000000000000000000
  custom:audio-decoder-ogg-vorbis: bf7c407c2cedff20999df2af8eb42d56 -> 
  custom:audio-encoder-webm-vorbis: bf7c407c2cedff20999df2af8eb42d56 -> 
========================================================================
Received Prepare
Refreshing native plugins compatible for Editor in 1.52 ms, found 2 plugins.
Preloading 0 native plugins for Editor in 0.00 ms.
Unloading 10 Unused Serialized files (Serialized files now loaded: 0)
System memory in use before: 187.4 MB.
System memory in use after: 187.5 MB.

Unloading 10 unused Assets to reduce memory usage. Loaded Objects now: 2353.
Total: 2.779399 ms (FindLiveObjects: 0.167206 ms CreateObjectMapping: 0.057011 ms MarkObjects: 2.528808 ms  DeleteObjects: 0.025827 ms)

AssetImportParameters requested are different than current active one (requested -> active):
  custom:video-decoder-ogg-theora: a1e56fd34408186e4bbccfd4996cb3dc -> 
  custom:container-muxer-webm: aa71ff27fc2769a1b78a27578f13a17b -> 
  custom:container-demuxer-webm: 4f35f7cbe854078d1ac9338744f61a02 -> 
  custom:container-demuxer-ogg: 62fdf1f143b41e24485cea50d1cbac27 -> 
  custom:video-encoder-webm-vp8: eb34c28f22e8b96e1ab97ce403110664 -> 
  custom:framework-osx-AVFoundation: e770b220cccbd017edd2c1fefb359320 -> 
  custom:video-decoder-webm-vp8: 9c59270c3fd7afecdb556c50c9e8de78 -> 
  custom:audio-decoder-ogg-vorbis: bf7c407c2cedff20999df2af8eb42d56 -> 
  custom:audio-encoder-webm-vorbis: bf7c407c2cedff20999df2af8eb42d56 -> 
========================================================================
Received Import Request.
  Time since last request: 955.177718 seconds.
  path: Assets/Prefabs/Low-Poly Plant_.fbx
  artifactKey: Guid(b46fe96fb68d441f3b3749004e494841) Importer(815301076,1909f56bfc062723c751e8b465ee728b)
Start importing Assets/Prefabs/Low-Poly Plant_.fbx using Guid(b46fe96fb68d441f3b3749004e494841) Importer(815301076,1909f56bfc062723c751e8b465ee728b)  -> (artifact id: '525383cf3fb18ff4f3af4ce29eff71cf') in 0.223057 seconds 
  Import took 0.226772 seconds .

========================================================================
Received Import Request.
  Time since last request: 38.963156 seconds.
  path: Assets/Prefabs/Low-Poly Plant_ Variant.prefab
  artifactKey: Guid(871e07afe2fcb4a62b19c75a7d928324) Importer(815301076,1909f56bfc062723c751e8b465ee728b)
Start importing Assets/Prefabs/Low-Poly Plant_ Variant.prefab using Guid(871e07afe2fcb4a62b19c75a7d928324) Importer(815301076,1909f56bfc062723c751e8b465ee728b)  -> (artifact id: '243d6b7337bf346f17e7f1d9bb640603') in 0.134495 seconds 
  Import took 0.137374 seconds .

========================================================================
Received Import Request.
  Time since last request: 10.705671 seconds.
  path: Assets/Prefabs/Plant.prefab
  artifactKey: Guid(871e07afe2fcb4a62b19c75a7d928324) Importer(815301076,1909f56bfc062723c751e8b465ee728b)
Start importing Assets/Prefabs/Plant.prefab using Guid(871e07afe2fcb4a62b19c75a7d928324) Importer(815301076,1909f56bfc062723c751e8b465ee728b)  -> (artifact id: 'e8411320e7b65ecede275b2714bc9fd6') in 0.126413 seconds 
  Import took 0.129387 seconds .

========================================================================
Received Prepare
Refreshing native plugins compatible for Editor in 1.45 ms, found 2 plugins.
Preloading 0 native plugins for Editor in 0.00 ms.
Unloading 10 Unused Serialized files (Serialized files now loaded: 0)
System memory in use before: 188.4 MB.
System memory in use after: 188.5 MB.

Unloading 10 unused Assets to reduce memory usage. Loaded Objects now: 2354.
Total: 3.167329 ms (FindLiveObjects: 0.169453 ms CreateObjectMapping: 0.056447 ms MarkObjects: 2.916042 ms  DeleteObjects: 0.024783 ms)

AssetImportParameters requested are different than current active one (requested -> active):
  custom:video-decoder-ogg-theora: a1e56fd34408186e4bbccfd4996cb3dc -> 
  custom:container-muxer-webm: aa71ff27fc2769a1b78a27578f13a17b -> 
  custom:container-demuxer-webm: 4f35f7cbe854078d1ac9338744f61a02 -> 
  custom:container-demuxer-ogg: 62fdf1f143b41e24485cea50d1cbac27 -> 
  custom:video-encoder-webm-vp8: eb34c28f22e8b96e1ab97ce403110664 -> 
  custom:framework-osx-AVFoundation: e770b220cccbd017edd2c1fefb359320 -> 
  custom:video-decoder-webm-vp8: 9c59270c3fd7afecdb556c50c9e8de78 -> 
  custom:audio-decoder-ogg-vorbis: bf7c407c2cedff20999df2af8eb42d56 -> 
  custom:audio-encoder-webm-vorbis: bf7c407c2cedff20999df2af8eb42d56 -> 
AssetImportWorkerClient::OnTransportError - code=2 error=End of file
